This is pdfTeX, Version 3.14159265-2.6-1.40.19 (MiKTeX 2.9.6730 64-bit) (preloaded format=pdflatex 2019.1.28)  11 FEB 2019 23:43
entering extended mode
**"./Tarea de Flujo en Redes #1.tex"
("Tarea de Flujo en Redes #1.tex"
LaTeX2e <2018-04-01> patch level 5
("C:\Users\Orlando\AppData\Local\Programs\MiKTeX 2.9\tex\latex\base\article.cls
"
Document Class: article 2014/09/29 v1.4h Standard LaTeX document class
("C:\Users\Orlando\AppData\Local\Programs\MiKTeX 2.9\tex\latex\base\size10.clo"
File: size10.clo 2014/09/29 v1.4h Standard LaTeX file (size option)
)
\c@part=\count80
\c@section=\count81
\c@subsection=\count82
\c@subsubsection=\count83
\c@paragraph=\count84
\c@subparagraph=\count85
\c@figure=\count86
\c@table=\count87
\abovecaptionskip=\skip41
\belowcaptionskip=\skip42
\bibindent=\dimen102
)
("C:\Users\Orlando\AppData\Local\Programs\MiKTeX 2.9\tex\latex\base\inputenc.st
y"
Package: inputenc 2018/04/06 v1.3b Input encoding file
\inpenc@prehook=\toks14
\inpenc@posthook=\toks15
)
("C:\Users\Orlando\AppData\Local\Programs\MiKTeX 2.9\tex\latex\amsmath\amsmath.
sty"
Package: amsmath 2017/09/02 v2.17a AMS math features
\@mathmargin=\skip43

For additional information on amsmath, use the `?' option.

("C:\Users\Orlando\AppData\Local\Programs\MiKTeX 2.9\tex\latex\amsmath\amstext.
sty"
Package: amstext 2000/06/29 v2.01 AMS text

("C:\Users\Orlando\AppData\Local\Programs\MiKTeX 2.9\tex\latex\amsmath\amsgen.s
ty"
File: amsgen.sty 1999/11/30 v2.0 generic functions
\@emptytoks=\toks16
\ex@=\dimen103
))
("C:\Users\Orlando\AppData\Local\Programs\MiKTeX 2.9\tex\latex\amsmath\amsbsy.s
ty"
Package: amsbsy 1999/11/29 v1.2d Bold Symbols
\pmbraise@=\dimen104
)
("C:\Users\Orlando\AppData\Local\Programs\MiKTeX 2.9\tex\latex\amsmath\amsopn.s
ty"
Package: amsopn 2016/03/08 v2.02 operator names
)
\inf@bad=\count88
LaTeX Info: Redefining \frac on input line 213.
\uproot@=\count89
\leftroot@=\count90
LaTeX Info: Redefining \overline on input line 375.
\classnum@=\count91
\DOTSCASE@=\count92
LaTeX Info: Redefining \ldots on input line 472.
LaTeX Info: Redefining \dots on input line 475.
LaTeX Info: Redefining \cdots on input line 596.
\Mathstrutbox@=\box26
\strutbox@=\box27
\big@size=\dimen105
LaTeX Font Info:    Redeclaring font encoding OML on input line 712.
LaTeX Font Info:    Redeclaring font encoding OMS on input line 713.
\macc@depth=\count93
\c@MaxMatrixCols=\count94
\dotsspace@=\muskip10
\c@parentequation=\count95
\dspbrk@lvl=\count96
\tag@help=\toks17
\row@=\count97
\column@=\count98
\maxfields@=\count99
\andhelp@=\toks18
\eqnshift@=\dimen106
\alignsep@=\dimen107
\tagshift@=\dimen108
\tagwidth@=\dimen109
\totwidth@=\dimen110
\lineht@=\dimen111
\@envbody=\toks19
\multlinegap=\skip44
\multlinetaggap=\skip45
\mathdisplay@stack=\toks20
LaTeX Info: Redefining \[ on input line 2817.
LaTeX Info: Redefining \] on input line 2818.
)
("C:\Users\Orlando\AppData\Local\Programs\MiKTeX 2.9\tex\latex\amsfonts\amsfont
s.sty"
Package: amsfonts 2013/01/14 v3.01 Basic AMSFonts support
\symAMSa=\mathgroup4
\symAMSb=\mathgroup5
LaTeX Font Info:    Overwriting math alphabet `\mathfrak' in version `bold'
(Font)                  U/euf/m/n --> U/euf/b/n on input line 106.
)
("C:\Users\Orlando\AppData\Local\Programs\MiKTeX 2.9\tex\latex\graphics\graphic
x.sty"
Package: graphicx 2017/06/01 v1.1a Enhanced LaTeX Graphics (DPC,SPQR)

("C:\Users\Orlando\AppData\Local\Programs\MiKTeX 2.9\tex\latex\graphics\keyval.
sty"
Package: keyval 2014/10/28 v1.15 key=value parser (DPC)
\KV@toks@=\toks21
)
("C:\Users\Orlando\AppData\Local\Programs\MiKTeX 2.9\tex\latex\graphics\graphic
s.sty"
Package: graphics 2017/06/25 v1.2c Standard LaTeX Graphics (DPC,SPQR)

("C:\Users\Orlando\AppData\Local\Programs\MiKTeX 2.9\tex\latex\graphics\trig.st
y"
Package: trig 2016/01/03 v1.10 sin cos tan (DPC)
)
("C:\Users\Orlando\AppData\Local\Programs\MiKTeX 2.9\tex\latex\graphics-cfg\gra
phics.cfg"
File: graphics.cfg 2016/06/04 v1.11 sample graphics configuration
)
Package graphics Info: Driver file: pdftex.def on input line 99.

("C:\Users\Orlando\AppData\Local\Programs\MiKTeX 2.9\tex\latex\graphics-def\pdf
tex.def"
File: pdftex.def 2018/01/08 v1.0l Graphics/color driver for pdftex
))
\Gin@req@height=\dimen112
\Gin@req@width=\dimen113
)
("C:\Users\Orlando\AppData\Local\Programs\MiKTeX 2.9\tex\latex\amsfonts\amssymb
.sty"
Package: amssymb 2013/01/14 v3.01 AMS font symbols
)
("C:\Users\Orlando\AppData\Local\Programs\MiKTeX 2.9\tex\latex\natbib\natbib.st
y"
Package: natbib 2010/09/13 8.31b (PWD, AO)
\bibhang=\skip46
\bibsep=\skip47
LaTeX Info: Redefining \cite on input line 694.
\c@NAT@ctr=\count100
)
("C:\Users\Orlando\AppData\Local\Programs\MiKTeX 2.9\tex\latex\geometry\geometr
y.sty"
Package: geometry 2018/04/16 v5.8 Page Geometry

("C:\Users\Orlando\AppData\Local\Programs\MiKTeX 2.9\tex\generic\oberdiek\ifpdf
.sty"
Package: ifpdf 2017/03/15 v3.2 Provides the ifpdf switch
)
("C:\Users\Orlando\AppData\Local\Programs\MiKTeX 2.9\tex\generic\oberdiek\ifvte
x.sty"
Package: ifvtex 2016/05/16 v1.6 Detect VTeX and its facilities (HO)
Package ifvtex Info: VTeX not detected.
)
("C:\Users\Orlando\AppData\Local\Programs\MiKTeX 2.9\tex\generic\ifxetex\ifxete
x.sty"
Package: ifxetex 2010/09/12 v0.6 Provides ifxetex conditional
)
\Gm@cnth=\count101
\Gm@cntv=\count102
\c@Gm@tempcnt=\count103
\Gm@bindingoffset=\dimen114
\Gm@wd@mp=\dimen115
\Gm@odd@mp=\dimen116
\Gm@even@mp=\dimen117
\Gm@layoutwidth=\dimen118
\Gm@layoutheight=\dimen119
\Gm@layouthoffset=\dimen120
\Gm@layoutvoffset=\dimen121
\Gm@dimlist=\toks22

("C:\Users\Orlando\AppData\Local\Programs\MiKTeX 2.9\tex\latex\geometry\geometr
y.cfg"))
("C:\Users\Orlando\AppData\Local\Programs\MiKTeX 2.9\tex\generic\babel\babel.st
y"
Package: babel 2018/06/05 3.22 The Babel package

("C:\Users\Orlando\AppData\Local\Programs\MiKTeX 2.9\tex\generic\babel\switch.d
ef"
File: switch.def 2018/06/05 3.22 Babel switching mechanism
)
*************************************
* Local config file bblopts.cfg used
*

("C:\Users\Orlando\AppData\Local\Programs\MiKTeX 2.9\tex\latex\arabi\bblopts.cf
g"
File: bblopts.cfg 2005/09/08 v0.1 add Arabic and Farsi to "declared" options of
 babel
)
("C:\Users\Orlando\AppData\Local\Programs\MiKTeX 2.9\tex\latex\babel-spanish\sp
anish.ldf"
Language: spanish.ldf 2016/03/03 v5.0p Spanish support from the babel system

("C:\Users\Orlando\AppData\Local\Programs\MiKTeX 2.9\tex\generic\babel\babel.de
f"
File: babel.def 2018/06/05 3.22 Babel common definitions
\babel@savecnt=\count104
\U@D=\dimen122

("C:\Users\Orlando\AppData\Local\Programs\MiKTeX 2.9\tex\generic\babel\txtbabel
.def")
\bbl@dirlevel=\count105
)
\es@quottoks=\toks23
\es@quotdepth=\count106
Package babel Info: Making " an active character on input line 561.
Package babel Info: Making . an active character on input line 662.
Package babel Info: Making < an active character on input line 707.
Package babel Info: Making > an active character on input line 707.
))
("C:\Users\Orlando\AppData\Local\Programs\MiKTeX 2.9\tex\latex\listings\listing
s.sty"
\lst@mode=\count107
\lst@gtempboxa=\box28
\lst@token=\toks24
\lst@length=\count108
\lst@currlwidth=\dimen123
\lst@column=\count109
\lst@pos=\count110
\lst@lostspace=\dimen124
\lst@width=\dimen125
\lst@newlines=\count111
\lst@lineno=\count112
\lst@maxwidth=\dimen126

("C:\Users\Orlando\AppData\Local\Programs\MiKTeX 2.9\tex\latex\listings\lstmisc
.sty"
File: lstmisc.sty 2018/09/02 1.7 (Carsten Heinz)
\c@lstnumber=\count113
\lst@skipnumbers=\count114
\lst@framebox=\box29
)
("C:\Users\Orlando\AppData\Local\Programs\MiKTeX 2.9\tex\latex\listings\listing
s.cfg"
File: listings.cfg 2018/09/02 1.7 listings configuration
))
Package: listings 2018/09/02 1.7 (Carsten Heinz)

("C:\Users\Orlando\AppData\Local\Programs\MiKTeX 2.9\tex\latex\graphics\color.s
ty"
Package: color 2016/07/10 v1.1e Standard LaTeX Color (DPC)

("C:\Users\Orlando\AppData\Local\Programs\MiKTeX 2.9\tex\latex\graphics-cfg\col
or.cfg"
File: color.cfg 2016/01/02 v1.6 sample color configuration
)
Package color Info: Driver file: pdftex.def on input line 147.
)
("C:\Users\Orlando\AppData\Local\Programs\MiKTeX 2.9\tex\latex\listings\lstlang
1.sty"
File: lstlang1.sty 2018/09/02 1.7 listings language file
) ("Tarea de Flujo en Redes #1.aux"
LaTeX Info: Redefining \. on input line 8.
LaTeX Info: Redefining \% on input line 8.
)
\openout1 = `"Tarea de Flujo en Redes #1.aux"'.

LaTeX Font Info:    Checking defaults for OML/cmm/m/it on input line 39.
LaTeX Font Info:    ... okay on input line 39.
LaTeX Font Info:    Checking defaults for T1/cmr/m/n on input line 39.
LaTeX Font Info:    ... okay on input line 39.
LaTeX Font Info:    Checking defaults for OT1/cmr/m/n on input line 39.
LaTeX Font Info:    ... okay on input line 39.
LaTeX Font Info:    Checking defaults for OMS/cmsy/m/n on input line 39.
LaTeX Font Info:    ... okay on input line 39.
LaTeX Font Info:    Checking defaults for OMX/cmex/m/n on input line 39.
LaTeX Font Info:    ... okay on input line 39.
LaTeX Font Info:    Checking defaults for U/cmr/m/n on input line 39.
LaTeX Font Info:    ... okay on input line 39.

("C:\Users\Orlando\AppData\Local\Programs\MiKTeX 2.9\tex\context\base\supp-pdf.
mkii"
[Loading MPS to PDF converter (version 2006.09.02).]
\scratchcounter=\count115
\scratchdimen=\dimen127
\scratchbox=\box30
\nofMPsegments=\count116
\nofMParguments=\count117
\everyMPshowfont=\toks25
\MPscratchCnt=\count118
\MPscratchDim=\dimen128
\MPnumerator=\count119
\makeMPintoPDFobject=\count120
\everyMPtoPDFconversion=\toks26
)
("C:\Users\Orlando\AppData\Local\Programs\MiKTeX 2.9\tex\latex\oberdiek\epstopd
f-base.sty"
Package: epstopdf-base 2016/05/15 v2.6 Base part for package epstopdf

("C:\Users\Orlando\AppData\Local\Programs\MiKTeX 2.9\tex\generic\oberdiek\infwa
rerr.sty"
Package: infwarerr 2016/05/16 v1.4 Providing info/warning/error messages (HO)
)
("C:\Users\Orlando\AppData\Local\Programs\MiKTeX 2.9\tex\latex\oberdiek\grfext.
sty"
Package: grfext 2016/05/16 v1.2 Manage graphics extensions (HO)

("C:\Users\Orlando\AppData\Local\Programs\MiKTeX 2.9\tex\generic\oberdiek\kvdef
inekeys.sty"
Package: kvdefinekeys 2016/05/16 v1.4 Define keys (HO)

("C:\Users\Orlando\AppData\Local\Programs\MiKTeX 2.9\tex\generic\oberdiek\ltxcm
ds.sty"
Package: ltxcmds 2016/05/16 v1.23 LaTeX kernel commands for general use (HO)
)))
("C:\Users\Orlando\AppData\Local\Programs\MiKTeX 2.9\tex\latex\oberdiek\kvoptio
ns.sty"
Package: kvoptions 2016/05/16 v3.12 Key value format for package options (HO)

("C:\Users\Orlando\AppData\Local\Programs\MiKTeX 2.9\tex\generic\oberdiek\kvset
keys.sty"
Package: kvsetkeys 2016/05/16 v1.17 Key value parser (HO)

("C:\Users\Orlando\AppData\Local\Programs\MiKTeX 2.9\tex\generic\oberdiek\etexc
mds.sty"
Package: etexcmds 2016/05/16 v1.6 Avoid name clashes with e-TeX commands (HO)

("C:\Users\Orlando\AppData\Local\Programs\MiKTeX 2.9\tex\generic\oberdiek\iflua
tex.sty"
Package: ifluatex 2016/05/16 v1.4 Provides the ifluatex switch (HO)
Package ifluatex Info: LuaTeX not detected.
)
Package etexcmds Info: Could not find \expanded.
(etexcmds)             That can mean that you are not using pdfTeX 1.50 or
(etexcmds)             that some package has redefined \expanded.
(etexcmds)             In the latter case, load this package earlier.
)))
("C:\Users\Orlando\AppData\Local\Programs\MiKTeX 2.9\tex\generic\oberdiek\pdfte
xcmds.sty"
Package: pdftexcmds 2018/01/30 v0.27 Utility functions of pdfTeX for LuaTeX (HO
)
Package pdftexcmds Info: LuaTeX not detected.
Package pdftexcmds Info: \pdf@primitive is available.
Package pdftexcmds Info: \pdf@ifprimitive is available.
Package pdftexcmds Info: \pdfdraftmode found.
)
Package epstopdf-base Info: Redefining graphics rule for `.eps' on input line 4
38.
Package grfext Info: Graphics extension search list:
(grfext)             [.pdf,.png,.jpg,.mps,.jpeg,.jbig2,.jb2,.PDF,.PNG,.JPG,.JPE
G,.JBIG2,.JB2,.eps]
(grfext)             \AppendGraphicsExtensions on input line 456.
)
*geometry* driver: auto-detecting
*geometry* detected driver: pdftex
*geometry* verbose mode - [ preamble ] result:
* driver: pdftex
* paper: a4paper
* layout: <same size as paper>
* layoutoffset:(h,v)=(0.0pt,0.0pt)
* modes: 
* h-part:(L,W,R)=(56.9055pt, 483.69687pt, 56.9055pt)
* v-part:(T,H,B)=(31.2982pt, 756.84314pt, 56.9055pt)
* \paperwidth=597.50787pt
* \paperheight=845.04684pt
* \textwidth=483.69687pt
* \textheight=756.84314pt
* \oddsidemargin=-15.36449pt
* \evensidemargin=-15.36449pt
* \topmargin=-77.97179pt
* \headheight=12.0pt
* \headsep=25.0pt
* \topskip=10.0pt
* \footskip=30.0pt
* \marginparwidth=57.0pt
* \marginparsep=11.0pt
* \columnsep=10.0pt
* \skip\footins=9.0pt plus 4.0pt minus 2.0pt
* \hoffset=0.0pt
* \voffset=0.0pt
* \mag=1000
* \@twocolumnfalse
* \@twosidefalse
* \@mparswitchfalse
* \@reversemarginfalse
* (1in=72.27pt=25.4mm, 1cm=28.453pt)

LaTeX Info: Redefining \. on input line 39.
LaTeX Info: Redefining \% on input line 39.
\c@lstlisting=\count121
LaTeX Font Info:    Try loading font information for U+msa on input line 40.
("C:\Users\Orlando\AppData\Local\Programs\MiKTeX 2.9\tex\latex\amsfonts\umsa.fd
"
File: umsa.fd 2013/01/14 v3.01 AMS symbols A
)
LaTeX Font Info:    Try loading font information for U+msb on input line 40.

("C:\Users\Orlando\AppData\Local\Programs\MiKTeX 2.9\tex\latex\amsfonts\umsb.fd
"
File: umsb.fd 2013/01/14 v3.01 AMS symbols B
) (grafo_simple_no_dirigido_aciclico.py
Overfull \hbox (2.97247pt too wide) in paragraph at lines 7--9
[][][][][][][][][][][][][][][][][][][][][][][][][][][][][][][][][][][][][][][][
][][][][][][][][][][][][][][][][][][][][][][][][][][]  
 []

)
Package epstopdf Info: Source file: <GNDA.eps>
(epstopdf)                    date: 2019-02-01 16:49:15
(epstopdf)                    size: 16760 bytes
(epstopdf)             Output file: <GNDA-eps-converted-to.pdf>
(epstopdf)                    date: 2019-02-01 16:54:41
(epstopdf)                    size: 11401 bytes
(epstopdf)             Command: <epstopdf --outfile=GNDA-eps-converted-to.pdf G
NDA.eps>
(epstopdf)             \includegraphics on input line 52.
Package epstopdf Info: Output file is already uptodate.
<GNDA-eps-converted-to.pdf, id=1, 462.72874pt x 346.29375pt>
File: GNDA-eps-converted-to.pdf Graphic file (type pdf)
<use GNDA-eps-converted-to.pdf>
Package pdftex.def Info: GNDA-eps-converted-to.pdf  used on input line 52.
(pdftex.def)             Requested size: 185.08821pt x 138.51503pt.
 [1

{C:/Users/Orlando/AppData/Local/MiKTeX/2.9/pdftex/config/pdftex.map} <./GNDA-ep
s-converted-to.pdf>] (grafo_simple_no_dirigido_ciclico.py)
Package epstopdf Info: Source file: <GNDC.eps>
(epstopdf)                    date: 2019-02-11 22:21:02
(epstopdf)                    size: 6562 bytes
(epstopdf)             Output file: <GNDC-eps-converted-to.pdf>
(epstopdf)                    date: 2019-02-11 22:21:15
(epstopdf)                    size: 5704 bytes
(epstopdf)             Command: <epstopdf --outfile=GNDC-eps-converted-to.pdf G
NDC.eps>
(epstopdf)             \includegraphics on input line 66.
Package epstopdf Info: Output file is already uptodate.
<GNDC-eps-converted-to.pdf, id=39, 462.72874pt x 346.29375pt>
File: GNDC-eps-converted-to.pdf Graphic file (type pdf)
<use GNDC-eps-converted-to.pdf>
Package pdftex.def Info: GNDC-eps-converted-to.pdf  used on input line 66.
(pdftex.def)             Requested size: 185.08821pt x 138.51503pt.

(grafo_simple_no_dirigido_reflexivo.py)
Package epstopdf Info: Source file: <GNDR.eps>
(epstopdf)                    date: 2019-02-11 22:39:13
(epstopdf)                    size: 8493 bytes
(epstopdf)             Output file: <GNDR-eps-converted-to.pdf>
(epstopdf)                    date: 2019-02-11 22:40:19
(epstopdf)                    size: 6996 bytes
(epstopdf)             Command: <epstopdf --outfile=GNDR-eps-converted-to.pdf G
NDR.eps>
(epstopdf)             \includegraphics on input line 80.
Package epstopdf Info: Output file is already uptodate.
<GNDR-eps-converted-to.pdf, id=40, 462.72874pt x 346.29375pt>
File: GNDR-eps-converted-to.pdf Graphic file (type pdf)
<use GNDR-eps-converted-to.pdf>
Package pdftex.def Info: GNDR-eps-converted-to.pdf  used on input line 80.
(pdftex.def)             Requested size: 185.08821pt x 138.51503pt.
 [2 <./GNDC-eps-converted-to.pdf> <./GNDR-eps-converted-to.pdf>] (grafo_simple_
dirigido_aciclico.py)
Package epstopdf Info: Source file: <GDA.eps>
(epstopdf)                    date: 2019-02-02 22:09:59
(epstopdf)                    size: 9284 bytes
(epstopdf)             Output file: <GDA-eps-converted-to.pdf>
(epstopdf)                    date: 2019-02-02 22:12:57
(epstopdf)                    size: 7153 bytes
(epstopdf)             Command: <epstopdf --outfile=GDA-eps-converted-to.pdf GD
A.eps>
(epstopdf)             \includegraphics on input line 94.
Package epstopdf Info: Output file is already uptodate.
<GDA-eps-converted-to.pdf, id=66, 462.72874pt x 346.29375pt>
File: GDA-eps-converted-to.pdf Graphic file (type pdf)
<use GDA-eps-converted-to.pdf>
Package pdftex.def Info: GDA-eps-converted-to.pdf  used on input line 94.
(pdftex.def)             Requested size: 185.08821pt x 138.51503pt.

(grafo_simple_dirigido_ciclico.py)
Package epstopdf Info: Source file: <GDC.eps>
(epstopdf)                    date: 2019-02-03 12:09:09
(epstopdf)                    size: 8347 bytes
(epstopdf)             Output file: <GDC-eps-converted-to.pdf>
(epstopdf)                    date: 2019-02-03 12:27:05
(epstopdf)                    size: 6374 bytes
(epstopdf)             Command: <epstopdf --outfile=GDC-eps-converted-to.pdf GD
C.eps>
(epstopdf)             \includegraphics on input line 108.
Package epstopdf Info: Output file is already uptodate.
<GDC-eps-converted-to.pdf, id=67, 462.72874pt x 346.29375pt>
File: GDC-eps-converted-to.pdf Graphic file (type pdf)
<use GDC-eps-converted-to.pdf>
Package pdftex.def Info: GDC-eps-converted-to.pdf  used on input line 108.
(pdftex.def)             Requested size: 185.08821pt x 138.51503pt.
 [3 <./GDA-eps-converted-to.pdf>]
(grafo_simple_dirigido_reflexivo.py)
Package epstopdf Info: Source file: <GDR.eps>
(epstopdf)                    date: 2019-02-11 21:47:27
(epstopdf)                    size: 8247 bytes
(epstopdf)             Output file: <GDR-eps-converted-to.pdf>
(epstopdf)                    date: 2019-02-11 21:47:39
(epstopdf)                    size: 6263 bytes
(epstopdf)             Command: <epstopdf --outfile=GDR-eps-converted-to.pdf GD
R.eps>
(epstopdf)             \includegraphics on input line 122.
Package epstopdf Info: Output file is already uptodate.
<GDR-eps-converted-to.pdf, id=83, 462.72874pt x 346.29375pt>
File: GDR-eps-converted-to.pdf Graphic file (type pdf)
<use GDR-eps-converted-to.pdf>
Package pdftex.def Info: GDR-eps-converted-to.pdf  used on input line 122.
(pdftex.def)             Requested size: 185.08821pt x 138.51503pt.
 [4 <./GDC-eps-converted-to.pdf> <./GDR-eps-converted-to.pdf>] (multigrafo_no_d
irigido_aciclico.py
Overfull \hbox (12.42236pt too wide) in paragraph at lines 7--8
[][][][][][][][][][][][][][][][][][][][][][][][][][][][][][][][][][][][][][][][
][][][][][][][][][][][][][][][][][][][][][][][][][][][][][][][][][][][][][][][]
[][][][][][][][][][][][][][][][][][][][][][][][][][][][][][][][][][][][][][][][
][][][][][][][][][][][][][][][][][][][][][][][][][][][][][][][][][][]  
 []

)
Package epstopdf Info: Source file: <MNDA.eps>
(epstopdf)                    date: 2019-02-11 19:11:46
(epstopdf)                    size: 7645 bytes
(epstopdf)             Output file: <MNDA-eps-converted-to.pdf>
(epstopdf)                    date: 2019-02-11 19:11:54
(epstopdf)                    size: 6092 bytes
(epstopdf)             Command: <epstopdf --outfile=MNDA-eps-converted-to.pdf M
NDA.eps>
(epstopdf)             \includegraphics on input line 137.
Package epstopdf Info: Output file is already uptodate.
<MNDA-eps-converted-to.pdf, id=107, 462.72874pt x 346.29375pt>
File: MNDA-eps-converted-to.pdf Graphic file (type pdf)
<use MNDA-eps-converted-to.pdf>
Package pdftex.def Info: MNDA-eps-converted-to.pdf  used on input line 137.
(pdftex.def)             Requested size: 185.08821pt x 138.51503pt.
 (multigrafo_no_dirigido_ciclico.py)
Package epstopdf Info: Source file: <MNDC.eps>
(epstopdf)                    date: 2019-02-11 18:20:53
(epstopdf)                    size: 10072 bytes
(epstopdf)             Output file: <MNDC-eps-converted-to.pdf>
(epstopdf)                    date: 2019-02-11 18:21:16
(epstopdf)                    size: 7825 bytes
(epstopdf)             Command: <epstopdf --outfile=MNDC-eps-converted-to.pdf M
NDC.eps>
(epstopdf)             \includegraphics on input line 151.
Package epstopdf Info: Output file is already uptodate.
<MNDC-eps-converted-to.pdf, id=108, 462.72874pt x 346.29375pt>
File: MNDC-eps-converted-to.pdf Graphic file (type pdf)
<use MNDC-eps-converted-to.pdf>
Package pdftex.def Info: MNDC-eps-converted-to.pdf  used on input line 151.
(pdftex.def)             Requested size: 185.08821pt x 138.51503pt.
 [5 <./MNDA-eps-converted-to.pdf>]
(multigrafo_no_dirigido_reflexivo.py)
Package epstopdf Info: Source file: <MNDR.eps>
(epstopdf)                    date: 2019-02-11 19:23:17
(epstopdf)                    size: 6709 bytes
(epstopdf)             Output file: <MNDR-eps-converted-to.pdf>
(epstopdf)                    date: 2019-02-11 19:23:30
(epstopdf)                    size: 5565 bytes
(epstopdf)             Command: <epstopdf --outfile=MNDR-eps-converted-to.pdf M
NDR.eps>
(epstopdf)             \includegraphics on input line 165.
Package epstopdf Info: Output file is already uptodate.
<MNDR-eps-converted-to.pdf, id=122, 462.72874pt x 346.29375pt>
File: MNDR-eps-converted-to.pdf Graphic file (type pdf)
<use MNDR-eps-converted-to.pdf>
Package pdftex.def Info: MNDR-eps-converted-to.pdf  used on input line 165.
(pdftex.def)             Requested size: 185.08821pt x 138.51503pt.
 [6 <./MNDC-eps-converted-to.pdf> <./MNDR-eps-converted-to.pdf>] (multigrafo_di
rigido_aciclico.py)
Package epstopdf Info: Source file: <MDA.eps>
(epstopdf)                    date: 2019-02-11 17:49:42
(epstopdf)                    size: 7990 bytes
(epstopdf)             Output file: <MDA-eps-converted-to.pdf>
(epstopdf)                    date: 2019-02-11 17:51:11
(epstopdf)                    size: 6034 bytes
(epstopdf)             Command: <epstopdf --outfile=MDA-eps-converted-to.pdf MD
A.eps>
(epstopdf)             \includegraphics on input line 179.
Package epstopdf Info: Output file is already uptodate.
<MDA-eps-converted-to.pdf, id=148, 462.72874pt x 346.29375pt>
File: MDA-eps-converted-to.pdf Graphic file (type pdf)
<use MDA-eps-converted-to.pdf>
Package pdftex.def Info: MDA-eps-converted-to.pdf  used on input line 179.
(pdftex.def)             Requested size: 185.08821pt x 138.51503pt.

(multigrafo_dirigido_ciclico.py)
Package epstopdf Info: Source file: <MDC.eps>
(epstopdf)                    date: 2019-02-11 17:55:15
(epstopdf)                    size: 8714 bytes
(epstopdf)             Output file: <MDC-eps-converted-to.pdf>
(epstopdf)                    date: 2019-02-11 17:56:03
(epstopdf)                    size: 6119 bytes
(epstopdf)             Command: <epstopdf --outfile=MDC-eps-converted-to.pdf MD
C.eps>
(epstopdf)             \includegraphics on input line 193.
Package epstopdf Info: Output file is already uptodate.
<MDC-eps-converted-to.pdf, id=149, 462.72874pt x 346.29375pt>
File: MDC-eps-converted-to.pdf Graphic file (type pdf)
<use MDC-eps-converted-to.pdf>
Package pdftex.def Info: MDC-eps-converted-to.pdf  used on input line 193.
(pdftex.def)             Requested size: 185.08821pt x 138.51503pt.
 [7 <./MDA-eps-converted-to.pdf> <./MDC-eps-converted-to.pdf>] (multigrafo_diri
gido_reflexivo.py
Overfull \hbox (7.69742pt too wide) in paragraph at lines 7--8
[][][][][][][][][][][][][][][][][][][][][][][][][][][][][][][][][][][][][][][][
][][][][][][][][][][][][][][][][][][][][][][][][][][][][][][][][][][][][][][][]
[][][][][][][][][][][][][][][][][][][][][][][][][][][][][][][][][][][][][][][][
][][][][][][][][][][][][][][][][][][][][][][][][][][][][][][][][][][]  
 []

)
Package epstopdf Info: Source file: <MDR.eps>
(epstopdf)                    date: 2019-02-11 18:03:30
(epstopdf)                    size: 8687 bytes
(epstopdf)             Output file: <MDR-eps-converted-to.pdf>
(epstopdf)                    date: 2019-02-11 18:04:41
(epstopdf)                    size: 6272 bytes
(epstopdf)             Command: <epstopdf --outfile=MDR-eps-converted-to.pdf MD
R.eps>
(epstopdf)             \includegraphics on input line 207.
Package epstopdf Info: Output file is already uptodate.
<MDR-eps-converted-to.pdf, id=174, 462.72874pt x 346.29375pt>
File: MDR-eps-converted-to.pdf Graphic file (type pdf)
<use MDR-eps-converted-to.pdf>
Package pdftex.def Info: MDR-eps-converted-to.pdf  used on input line 207.
(pdftex.def)             Requested size: 185.08821pt x 138.51503pt.
 ("Tarea de Flujo en Redes #1.bbl") [8 <./MDR-eps-converted-to.pdf>]
("Tarea de Flujo en Redes #1.aux"
LaTeX Info: Redefining \. on input line 8.
LaTeX Info: Redefining \% on input line 8.
) ) 
Here is how much of TeX's memory you used:
 6052 strings out of 492973
 84327 string characters out of 3125806
 360420 words of memory out of 3000000
 9773 multiletter control sequences out of 15000+200000
 9655 words of font info for 37 fonts, out of 3000000 for 9000
 1141 hyphenation exceptions out of 8191
 41i,7n,40p,567b,1287s stack positions out of 5000i,500n,10000p,200000b,50000s
<C:/Users/Orlando/AppData/Local/Programs/MiKTeX 2.9/fonts/type1/public/amsfo
nts/cm/cmbx12.pfb><C:/Users/Orlando/AppData/Local/Programs/MiKTeX 2.9/fonts/typ
e1/public/amsfonts/cm/cmr10.pfb><C:/Users/Orlando/AppData/Local/Programs/MiKTeX
 2.9/fonts/type1/public/amsfonts/cm/cmr12.pfb><C:/Users/Orlando/AppData/Local/P
rograms/MiKTeX 2.9/fonts/type1/public/amsfonts/cm/cmr17.pfb><C:/Users/Orlando/A
ppData/Local/Programs/MiKTeX 2.9/fonts/type1/public/amsfonts/cm/cmtt9.pfb>
Output written on "Tarea de Flujo en Redes #1.pdf" (8 pages, 152772 bytes).
PDF statistics:
 205 PDF objects out of 1000 (max. 8388607)
 0 named destinations out of 1000 (max. 500000)
 61 words of extra memory for PDF output out of 10000 (max. 10000000)

